<?xml version="1.0" encoding="UTF-8"?>
<!-- Generated by org.testng.reporters.JUnitXMLReporter -->
<testsuite ignored="1" hostname="hydlap105" failures="0" tests="1" name="Default test" time="5.402" errors="0" timestamp="2021-10-09T12:38:16 IST">
  <testcase classname="funtionalTest.TestClass" name="verifyListUsers" time="4.426"/>
  <testcase classname="funtionalTest.TestClass" name="verifyCreateUser" time="0.0">
    <ignored/>
  </testcase> <!-- verifyCreateUser -->
</testsuite> <!-- Default test -->
