<?xml version="1.0" encoding="UTF-8"?>
<testng-results ignored="1" total="2" passed="1" failed="0" skipped="0">
  <reporter-output>
  </reporter-output>
  <suite started-at="2021-10-09T12:38:11 IST" name="Default suite" finished-at="2021-10-09T12:38:16 IST" duration-ms="5402">
    <groups>
    </groups>
    <test started-at="2021-10-09T12:38:11 IST" name="Default test" finished-at="2021-10-09T12:38:16 IST" duration-ms="5402">
      <class name="funtionalTest.TestClass">
        <test-method is-config="true" signature="baseURI()[pri:0, instance:funtionalTest.TestClass@7c24b813]" started-at="2021-10-09T12:38:11 IST" name="baseURI" finished-at="2021-10-09T12:38:12 IST" duration-ms="911" status="PASS">
          <reporter-output>
          </reporter-output>
        </test-method> <!-- baseURI -->
        <test-method signature="verifyListUsers()[pri:0, instance:funtionalTest.TestClass@7c24b813]" started-at="2021-10-09T12:38:12 IST" name="verifyListUsers" finished-at="2021-10-09T12:38:16 IST" duration-ms="4426" status="PASS">
          <reporter-output>
          </reporter-output>
        </test-method> <!-- verifyListUsers -->
      </class> <!-- funtionalTest.TestClass -->
    </test> <!-- Default test -->
  </suite> <!-- Default suite -->
</testng-results>
